2021-01-21T14:07:45+00:00 CRITICAL Uncaught ArgumentCountError: Too few arguments to function Wholesale_Market_Admin::ced_variation_wholesale_fields(), 1 passed in /opt/lampp/htdocs/wordpress/wp-includes/class-wp-hook.php on line 287 and exactly 3 expected in /opt/lampp/htdocs/wordpress/wp-content/plugins/wholesale-market/admin/class-wholesale-market-admin.php:260
Stack trace:
#0 /opt/lampp/htdocs/wordpress/wp-includes/class-wp-hook.php(287): Wholesale_Market_Admin->ced_variation_wholesale_fields('')
#1 /opt/lampp/htdocs/wordpress/wp-includes/class-wp-hook.php(311): WP_Hook->apply_filters(NULL, Array)
#2 /opt/lampp/htdocs/wordpress/wp-includes/plugin.php(484): WP_Hook->do_action(Array)
#3 /opt/lampp/htdocs/wordpress/wp-settings.php(557): do_action('init')
#4 /opt/lampp/htdocs/wordpress/wp-config.php(91): require_once('/opt/lampp/htdo...')
#5 /opt/lampp/htdocs/wordpress/wp-load.php(37): require_once('/opt/lampp/htdo...')
#6 /opt/lampp/htdocs/wordpress/wp-cron.php(44): require_once('/opt/lampp/htdo...')
#7 {main}
  thrown in /opt/lampp/htdocs/wordpress/wp-content/plugins/wholesale-market/admin/class-wholesale-market-admin.php on line 260

2021-01-21T14:07:45+00:00 CRITICAL Uncaught ArgumentCountError: Too few arguments to function Wholesale_Market_Admin::ced_variation_wholesale_fields(), 1 passed in /opt/lampp/htdocs/wordpress/wp-includes/class-wp-hook.php on line 287 and exactly 3 expected in /opt/lampp/htdocs/wordpress/wp-content/plugins/wholesale-market/admin/class-wholesale-market-admin.php:260
Stack trace:
#0 /opt/lampp/htdocs/wordpress/wp-includes/class-wp-hook.php(287): Wholesale_Market_Admin->ced_variation_wholesale_fields('')
#1 /opt/lampp/htdocs/wordpress/wp-includes/class-wp-hook.php(311): WP_Hook->apply_filters(NULL, Array)
#2 /opt/lampp/htdocs/wordpress/wp-includes/plugin.php(484): WP_Hook->do_action(Array)
#3 /opt/lampp/htdocs/wordpress/wp-settings.php(557): do_action('init')
#4 /opt/lampp/htdocs/wordpress/wp-config.php(91): require_once('/opt/lampp/htdo...')
#5 /opt/lampp/htdocs/wordpress/wp-load.php(37): require_once('/opt/lampp/htdo...')
#6 /opt/lampp/htdocs/wordpress/wp-admin/admin-ajax.php(22): require_once('/opt/lampp/htdo...')
#7 {main}
  thrown in /opt/lampp/htdocs/wordpress/wp-content/plugins/wholesale-market/admin/class-wholesale-market-admin.php on line 260

2021-01-21T14:09:12+00:00 CRITICAL Uncaught ArgumentCountError: Too few arguments to function Wholesale_Market_Admin::ced_variation_wholesale_fields(), 1 passed in /opt/lampp/htdocs/wordpress/wp-includes/class-wp-hook.php on line 287 and exactly 3 expected in /opt/lampp/htdocs/wordpress/wp-content/plugins/wholesale-market/admin/class-wholesale-market-admin.php:260
Stack trace:
#0 /opt/lampp/htdocs/wordpress/wp-includes/class-wp-hook.php(287): Wholesale_Market_Admin->ced_variation_wholesale_fields('')
#1 /opt/lampp/htdocs/wordpress/wp-includes/class-wp-hook.php(311): WP_Hook->apply_filters(NULL, Array)
#2 /opt/lampp/htdocs/wordpress/wp-includes/plugin.php(484): WP_Hook->do_action(Array)
#3 /opt/lampp/htdocs/wordpress/wp-settings.php(557): do_action('init')
#4 /opt/lampp/htdocs/wordpress/wp-config.php(91): require_once('/opt/lampp/htdo...')
#5 /opt/lampp/htdocs/wordpress/wp-load.php(37): require_once('/opt/lampp/htdo...')
#6 /opt/lampp/htdocs/wordpress/wp-cron.php(44): require_once('/opt/lampp/htdo...')
#7 {main}
  thrown in /opt/lampp/htdocs/wordpress/wp-content/plugins/wholesale-market/admin/class-wholesale-market-admin.php on line 260

2021-01-21T14:09:12+00:00 CRITICAL Uncaught ArgumentCountError: Too few arguments to function Wholesale_Market_Admin::ced_variation_wholesale_fields(), 1 passed in /opt/lampp/htdocs/wordpress/wp-includes/class-wp-hook.php on line 287 and exactly 3 expected in /opt/lampp/htdocs/wordpress/wp-content/plugins/wholesale-market/admin/class-wholesale-market-admin.php:260
Stack trace:
#0 /opt/lampp/htdocs/wordpress/wp-includes/class-wp-hook.php(287): Wholesale_Market_Admin->ced_variation_wholesale_fields('')
#1 /opt/lampp/htdocs/wordpress/wp-includes/class-wp-hook.php(311): WP_Hook->apply_filters(NULL, Array)
#2 /opt/lampp/htdocs/wordpress/wp-includes/plugin.php(484): WP_Hook->do_action(Array)
#3 /opt/lampp/htdocs/wordpress/wp-settings.php(557): do_action('init')
#4 /opt/lampp/htdocs/wordpress/wp-config.php(91): require_once('/opt/lampp/htdo...')
#5 /opt/lampp/htdocs/wordpress/wp-load.php(37): require_once('/opt/lampp/htdo...')
#6 /opt/lampp/htdocs/wordpress/wp-admin/admin-ajax.php(22): require_once('/opt/lampp/htdo...')
#7 {main}
  thrown in /opt/lampp/htdocs/wordpress/wp-content/plugins/wholesale-market/admin/class-wholesale-market-admin.php on line 260

2021-01-21T14:09:44+00:00 CRITICAL Uncaught ArgumentCountError: Too few arguments to function Wholesale_Market_Admin::ced_variation_wholesale_fields(), 1 passed in /opt/lampp/htdocs/wordpress/wp-includes/class-wp-hook.php on line 287 and exactly 3 expected in /opt/lampp/htdocs/wordpress/wp-content/plugins/wholesale-market/admin/class-wholesale-market-admin.php:260
Stack trace:
#0 /opt/lampp/htdocs/wordpress/wp-includes/class-wp-hook.php(287): Wholesale_Market_Admin->ced_variation_wholesale_fields('')
#1 /opt/lampp/htdocs/wordpress/wp-includes/class-wp-hook.php(311): WP_Hook->apply_filters(NULL, Array)
#2 /opt/lampp/htdocs/wordpress/wp-includes/plugin.php(484): WP_Hook->do_action(Array)
#3 /opt/lampp/htdocs/wordpress/wp-settings.php(557): do_action('init')
#4 /opt/lampp/htdocs/wordpress/wp-config.php(91): require_once('/opt/lampp/htdo...')
#5 /opt/lampp/htdocs/wordpress/wp-load.php(37): require_once('/opt/lampp/htdo...')
#6 /opt/lampp/htdocs/wordpress/wp-admin/admin-ajax.php(22): require_once('/opt/lampp/htdo...')
#7 {main}
  thrown in /opt/lampp/htdocs/wordpress/wp-content/plugins/wholesale-market/admin/class-wholesale-market-admin.php on line 260

2021-01-21T14:11:12+00:00 CRITICAL Uncaught ArgumentCountError: Too few arguments to function Wholesale_Market_Admin::ced_variation_wholesale_fields(), 1 passed in /opt/lampp/htdocs/wordpress/wp-includes/class-wp-hook.php on line 287 and exactly 3 expected in /opt/lampp/htdocs/wordpress/wp-content/plugins/wholesale-market/admin/class-wholesale-market-admin.php:260
Stack trace:
#0 /opt/lampp/htdocs/wordpress/wp-includes/class-wp-hook.php(287): Wholesale_Market_Admin->ced_variation_wholesale_fields('')
#1 /opt/lampp/htdocs/wordpress/wp-includes/class-wp-hook.php(311): WP_Hook->apply_filters(NULL, Array)
#2 /opt/lampp/htdocs/wordpress/wp-includes/plugin.php(484): WP_Hook->do_action(Array)
#3 /opt/lampp/htdocs/wordpress/wp-settings.php(557): do_action('init')
#4 /opt/lampp/htdocs/wordpress/wp-config.php(91): require_once('/opt/lampp/htdo...')
#5 /opt/lampp/htdocs/wordpress/wp-load.php(37): require_once('/opt/lampp/htdo...')
#6 /opt/lampp/htdocs/wordpress/wp-cron.php(44): require_once('/opt/lampp/htdo...')
#7 {main}
  thrown in /opt/lampp/htdocs/wordpress/wp-content/plugins/wholesale-market/admin/class-wholesale-market-admin.php on line 260

2021-01-21T14:11:12+00:00 CRITICAL Uncaught ArgumentCountError: Too few arguments to function Wholesale_Market_Admin::ced_variation_wholesale_fields(), 1 passed in /opt/lampp/htdocs/wordpress/wp-includes/class-wp-hook.php on line 287 and exactly 3 expected in /opt/lampp/htdocs/wordpress/wp-content/plugins/wholesale-market/admin/class-wholesale-market-admin.php:260
Stack trace:
#0 /opt/lampp/htdocs/wordpress/wp-includes/class-wp-hook.php(287): Wholesale_Market_Admin->ced_variation_wholesale_fields('')
#1 /opt/lampp/htdocs/wordpress/wp-includes/class-wp-hook.php(311): WP_Hook->apply_filters(NULL, Array)
#2 /opt/lampp/htdocs/wordpress/wp-includes/plugin.php(484): WP_Hook->do_action(Array)
#3 /opt/lampp/htdocs/wordpress/wp-settings.php(557): do_action('init')
#4 /opt/lampp/htdocs/wordpress/wp-config.php(91): require_once('/opt/lampp/htdo...')
#5 /opt/lampp/htdocs/wordpress/wp-load.php(37): require_once('/opt/lampp/htdo...')
#6 /opt/lampp/htdocs/wordpress/wp-admin/admin-ajax.php(22): require_once('/opt/lampp/htdo...')
#7 {main}
  thrown in /opt/lampp/htdocs/wordpress/wp-content/plugins/wholesale-market/admin/class-wholesale-market-admin.php on line 260

2021-01-21T14:11:45+00:00 CRITICAL Uncaught ArgumentCountError: Too few arguments to function Wholesale_Market_Admin::ced_variation_wholesale_fields(), 1 passed in /opt/lampp/htdocs/wordpress/wp-includes/class-wp-hook.php on line 287 and exactly 3 expected in /opt/lampp/htdocs/wordpress/wp-content/plugins/wholesale-market/admin/class-wholesale-market-admin.php:260
Stack trace:
#0 /opt/lampp/htdocs/wordpress/wp-includes/class-wp-hook.php(287): Wholesale_Market_Admin->ced_variation_wholesale_fields('')
#1 /opt/lampp/htdocs/wordpress/wp-includes/class-wp-hook.php(311): WP_Hook->apply_filters(NULL, Array)
#2 /opt/lampp/htdocs/wordpress/wp-includes/plugin.php(484): WP_Hook->do_action(Array)
#3 /opt/lampp/htdocs/wordpress/wp-settings.php(557): do_action('init')
#4 /opt/lampp/htdocs/wordpress/wp-config.php(91): require_once('/opt/lampp/htdo...')
#5 /opt/lampp/htdocs/wordpress/wp-load.php(37): require_once('/opt/lampp/htdo...')
#6 /opt/lampp/htdocs/wordpress/wp-admin/admin-ajax.php(22): require_once('/opt/lampp/htdo...')
#7 {main}
  thrown in /opt/lampp/htdocs/wordpress/wp-content/plugins/wholesale-market/admin/class-wholesale-market-admin.php on line 260

2021-01-21T14:12:43+00:00 CRITICAL Uncaught ArgumentCountError: Too few arguments to function Wholesale_Market_Admin::ced_variation_wholesale_fields(), 1 passed in /opt/lampp/htdocs/wordpress/wp-includes/class-wp-hook.php on line 287 and exactly 3 expected in /opt/lampp/htdocs/wordpress/wp-content/plugins/wholesale-market/admin/class-wholesale-market-admin.php:260
Stack trace:
#0 /opt/lampp/htdocs/wordpress/wp-includes/class-wp-hook.php(287): Wholesale_Market_Admin->ced_variation_wholesale_fields('')
#1 /opt/lampp/htdocs/wordpress/wp-includes/class-wp-hook.php(311): WP_Hook->apply_filters(NULL, Array)
#2 /opt/lampp/htdocs/wordpress/wp-includes/plugin.php(484): WP_Hook->do_action(Array)
#3 /opt/lampp/htdocs/wordpress/wp-settings.php(557): do_action('init')
#4 /opt/lampp/htdocs/wordpress/wp-config.php(91): require_once('/opt/lampp/htdo...')
#5 /opt/lampp/htdocs/wordpress/wp-load.php(37): require_once('/opt/lampp/htdo...')
#6 /opt/lampp/htdocs/wordpress/wp-cron.php(44): require_once('/opt/lampp/htdo...')
#7 {main}
  thrown in /opt/lampp/htdocs/wordpress/wp-content/plugins/wholesale-market/admin/class-wholesale-market-admin.php on line 260

2021-01-21T14:12:43+00:00 CRITICAL Uncaught ArgumentCountError: Too few arguments to function Wholesale_Market_Admin::ced_variation_wholesale_fields(), 1 passed in /opt/lampp/htdocs/wordpress/wp-includes/class-wp-hook.php on line 287 and exactly 3 expected in /opt/lampp/htdocs/wordpress/wp-content/plugins/wholesale-market/admin/class-wholesale-market-admin.php:260
Stack trace:
#0 /opt/lampp/htdocs/wordpress/wp-includes/class-wp-hook.php(287): Wholesale_Market_Admin->ced_variation_wholesale_fields('')
#1 /opt/lampp/htdocs/wordpress/wp-includes/class-wp-hook.php(311): WP_Hook->apply_filters(NULL, Array)
#2 /opt/lampp/htdocs/wordpress/wp-includes/plugin.php(484): WP_Hook->do_action(Array)
#3 /opt/lampp/htdocs/wordpress/wp-settings.php(557): do_action('init')
#4 /opt/lampp/htdocs/wordpress/wp-config.php(91): require_once('/opt/lampp/htdo...')
#5 /opt/lampp/htdocs/wordpress/wp-load.php(37): require_once('/opt/lampp/htdo...')
#6 /opt/lampp/htdocs/wordpress/wp-admin/admin-ajax.php(22): require_once('/opt/lampp/htdo...')
#7 {main}
  thrown in /opt/lampp/htdocs/wordpress/wp-content/plugins/wholesale-market/admin/class-wholesale-market-admin.php on line 260

2021-01-21T14:13:44+00:00 CRITICAL Uncaught ArgumentCountError: Too few arguments to function Wholesale_Market_Admin::ced_variation_wholesale_fields(), 1 passed in /opt/lampp/htdocs/wordpress/wp-includes/class-wp-hook.php on line 287 and exactly 3 expected in /opt/lampp/htdocs/wordpress/wp-content/plugins/wholesale-market/admin/class-wholesale-market-admin.php:260
Stack trace:
#0 /opt/lampp/htdocs/wordpress/wp-includes/class-wp-hook.php(287): Wholesale_Market_Admin->ced_variation_wholesale_fields('')
#1 /opt/lampp/htdocs/wordpress/wp-includes/class-wp-hook.php(311): WP_Hook->apply_filters(NULL, Array)
#2 /opt/lampp/htdocs/wordpress/wp-includes/plugin.php(484): WP_Hook->do_action(Array)
#3 /opt/lampp/htdocs/wordpress/wp-settings.php(557): do_action('init')
#4 /opt/lampp/htdocs/wordpress/wp-config.php(91): require_once('/opt/lampp/htdo...')
#5 /opt/lampp/htdocs/wordpress/wp-load.php(37): require_once('/opt/lampp/htdo...')
#6 /opt/lampp/htdocs/wordpress/wp-cron.php(44): require_once('/opt/lampp/htdo...')
#7 {main}
  thrown in /opt/lampp/htdocs/wordpress/wp-content/plugins/wholesale-market/admin/class-wholesale-market-admin.php on line 260

2021-01-21T14:13:44+00:00 CRITICAL Uncaught ArgumentCountError: Too few arguments to function Wholesale_Market_Admin::ced_variation_wholesale_fields(), 1 passed in /opt/lampp/htdocs/wordpress/wp-includes/class-wp-hook.php on line 287 and exactly 3 expected in /opt/lampp/htdocs/wordpress/wp-content/plugins/wholesale-market/admin/class-wholesale-market-admin.php:260
Stack trace:
#0 /opt/lampp/htdocs/wordpress/wp-includes/class-wp-hook.php(287): Wholesale_Market_Admin->ced_variation_wholesale_fields('')
#1 /opt/lampp/htdocs/wordpress/wp-includes/class-wp-hook.php(311): WP_Hook->apply_filters(NULL, Array)
#2 /opt/lampp/htdocs/wordpress/wp-includes/plugin.php(484): WP_Hook->do_action(Array)
#3 /opt/lampp/htdocs/wordpress/wp-settings.php(557): do_action('init')
#4 /opt/lampp/htdocs/wordpress/wp-config.php(91): require_once('/opt/lampp/htdo...')
#5 /opt/lampp/htdocs/wordpress/wp-load.php(37): require_once('/opt/lampp/htdo...')
#6 /opt/lampp/htdocs/wordpress/wp-admin/admin-ajax.php(22): require_once('/opt/lampp/htdo...')
#7 {main}
  thrown in /opt/lampp/htdocs/wordpress/wp-content/plugins/wholesale-market/admin/class-wholesale-market-admin.php on line 260

2021-01-21T14:13:46+00:00 CRITICAL Uncaught ArgumentCountError: Too few arguments to function Wholesale_Market_Admin::ced_variation_wholesale_fields(), 1 passed in /opt/lampp/htdocs/wordpress/wp-includes/class-wp-hook.php on line 287 and exactly 3 expected in /opt/lampp/htdocs/wordpress/wp-content/plugins/wholesale-market/admin/class-wholesale-market-admin.php:260
Stack trace:
#0 /opt/lampp/htdocs/wordpress/wp-includes/class-wp-hook.php(287): Wholesale_Market_Admin->ced_variation_wholesale_fields('')
#1 /opt/lampp/htdocs/wordpress/wp-includes/class-wp-hook.php(311): WP_Hook->apply_filters(NULL, Array)
#2 /opt/lampp/htdocs/wordpress/wp-includes/plugin.php(484): WP_Hook->do_action(Array)
#3 /opt/lampp/htdocs/wordpress/wp-settings.php(557): do_action('init')
#4 /opt/lampp/htdocs/wordpress/wp-config.php(91): require_once('/opt/lampp/htdo...')
#5 /opt/lampp/htdocs/wordpress/wp-load.php(37): require_once('/opt/lampp/htdo...')
#6 /opt/lampp/htdocs/wordpress/wp-admin/admin-ajax.php(22): require_once('/opt/lampp/htdo...')
#7 {main}
  thrown in /opt/lampp/htdocs/wordpress/wp-content/plugins/wholesale-market/admin/class-wholesale-market-admin.php on line 260

2021-01-21T14:15:45+00:00 CRITICAL Uncaught ArgumentCountError: Too few arguments to function Wholesale_Market_Admin::ced_variation_wholesale_fields(), 1 passed in /opt/lampp/htdocs/wordpress/wp-includes/class-wp-hook.php on line 287 and exactly 3 expected in /opt/lampp/htdocs/wordpress/wp-content/plugins/wholesale-market/admin/class-wholesale-market-admin.php:260
Stack trace:
#0 /opt/lampp/htdocs/wordpress/wp-includes/class-wp-hook.php(287): Wholesale_Market_Admin->ced_variation_wholesale_fields('')
#1 /opt/lampp/htdocs/wordpress/wp-includes/class-wp-hook.php(311): WP_Hook->apply_filters(NULL, Array)
#2 /opt/lampp/htdocs/wordpress/wp-includes/plugin.php(484): WP_Hook->do_action(Array)
#3 /opt/lampp/htdocs/wordpress/wp-settings.php(557): do_action('init')
#4 /opt/lampp/htdocs/wordpress/wp-config.php(91): require_once('/opt/lampp/htdo...')
#5 /opt/lampp/htdocs/wordpress/wp-load.php(37): require_once('/opt/lampp/htdo...')
#6 /opt/lampp/htdocs/wordpress/wp-cron.php(44): require_once('/opt/lampp/htdo...')
#7 {main}
  thrown in /opt/lampp/htdocs/wordpress/wp-content/plugins/wholesale-market/admin/class-wholesale-market-admin.php on line 260

2021-01-21T14:15:45+00:00 CRITICAL Uncaught ArgumentCountError: Too few arguments to function Wholesale_Market_Admin::ced_variation_wholesale_fields(), 1 passed in /opt/lampp/htdocs/wordpress/wp-includes/class-wp-hook.php on line 287 and exactly 3 expected in /opt/lampp/htdocs/wordpress/wp-content/plugins/wholesale-market/admin/class-wholesale-market-admin.php:260
Stack trace:
#0 /opt/lampp/htdocs/wordpress/wp-includes/class-wp-hook.php(287): Wholesale_Market_Admin->ced_variation_wholesale_fields('')
#1 /opt/lampp/htdocs/wordpress/wp-includes/class-wp-hook.php(311): WP_Hook->apply_filters(NULL, Array)
#2 /opt/lampp/htdocs/wordpress/wp-includes/plugin.php(484): WP_Hook->do_action(Array)
#3 /opt/lampp/htdocs/wordpress/wp-settings.php(557): do_action('init')
#4 /opt/lampp/htdocs/wordpress/wp-config.php(91): require_once('/opt/lampp/htdo...')
#5 /opt/lampp/htdocs/wordpress/wp-load.php(37): require_once('/opt/lampp/htdo...')
#6 /opt/lampp/htdocs/wordpress/wp-admin/admin-ajax.php(22): require_once('/opt/lampp/htdo...')
#7 {main}
  thrown in /opt/lampp/htdocs/wordpress/wp-content/plugins/wholesale-market/admin/class-wholesale-market-admin.php on line 260

2021-01-21T14:15:47+00:00 CRITICAL Uncaught ArgumentCountError: Too few arguments to function Wholesale_Market_Admin::ced_variation_wholesale_fields(), 1 passed in /opt/lampp/htdocs/wordpress/wp-includes/class-wp-hook.php on line 287 and exactly 3 expected in /opt/lampp/htdocs/wordpress/wp-content/plugins/wholesale-market/admin/class-wholesale-market-admin.php:260
Stack trace:
#0 /opt/lampp/htdocs/wordpress/wp-includes/class-wp-hook.php(287): Wholesale_Market_Admin->ced_variation_wholesale_fields('')
#1 /opt/lampp/htdocs/wordpress/wp-includes/class-wp-hook.php(311): WP_Hook->apply_filters(NULL, Array)
#2 /opt/lampp/htdocs/wordpress/wp-includes/plugin.php(484): WP_Hook->do_action(Array)
#3 /opt/lampp/htdocs/wordpress/wp-settings.php(557): do_action('init')
#4 /opt/lampp/htdocs/wordpress/wp-config.php(91): require_once('/opt/lampp/htdo...')
#5 /opt/lampp/htdocs/wordpress/wp-load.php(37): require_once('/opt/lampp/htdo...')
#6 /opt/lampp/htdocs/wordpress/wp-admin/admin-ajax.php(22): require_once('/opt/lampp/htdo...')
#7 {main}
  thrown in /opt/lampp/htdocs/wordpress/wp-content/plugins/wholesale-market/admin/class-wholesale-market-admin.php on line 260

2021-01-21T14:17:46+00:00 CRITICAL Uncaught ArgumentCountError: Too few arguments to function Wholesale_Market_Admin::ced_variation_wholesale_fields(), 1 passed in /opt/lampp/htdocs/wordpress/wp-includes/class-wp-hook.php on line 287 and exactly 3 expected in /opt/lampp/htdocs/wordpress/wp-content/plugins/wholesale-market/admin/class-wholesale-market-admin.php:260
Stack trace:
#0 /opt/lampp/htdocs/wordpress/wp-includes/class-wp-hook.php(287): Wholesale_Market_Admin->ced_variation_wholesale_fields('')
#1 /opt/lampp/htdocs/wordpress/wp-includes/class-wp-hook.php(311): WP_Hook->apply_filters(NULL, Array)
#2 /opt/lampp/htdocs/wordpress/wp-includes/plugin.php(484): WP_Hook->do_action(Array)
#3 /opt/lampp/htdocs/wordpress/wp-settings.php(557): do_action('init')
#4 /opt/lampp/htdocs/wordpress/wp-config.php(91): require_once('/opt/lampp/htdo...')
#5 /opt/lampp/htdocs/wordpress/wp-load.php(37): require_once('/opt/lampp/htdo...')
#6 /opt/lampp/htdocs/wordpress/wp-cron.php(44): require_once('/opt/lampp/htdo...')
#7 {main}
  thrown in /opt/lampp/htdocs/wordpress/wp-content/plugins/wholesale-market/admin/class-wholesale-market-admin.php on line 260

2021-01-21T14:17:46+00:00 CRITICAL Uncaught ArgumentCountError: Too few arguments to function Wholesale_Market_Admin::ced_variation_wholesale_fields(), 1 passed in /opt/lampp/htdocs/wordpress/wp-includes/class-wp-hook.php on line 287 and exactly 3 expected in /opt/lampp/htdocs/wordpress/wp-content/plugins/wholesale-market/admin/class-wholesale-market-admin.php:260
Stack trace:
#0 /opt/lampp/htdocs/wordpress/wp-includes/class-wp-hook.php(287): Wholesale_Market_Admin->ced_variation_wholesale_fields('')
#1 /opt/lampp/htdocs/wordpress/wp-includes/class-wp-hook.php(311): WP_Hook->apply_filters(NULL, Array)
#2 /opt/lampp/htdocs/wordpress/wp-includes/plugin.php(484): WP_Hook->do_action(Array)
#3 /opt/lampp/htdocs/wordpress/wp-settings.php(557): do_action('init')
#4 /opt/lampp/htdocs/wordpress/wp-config.php(91): require_once('/opt/lampp/htdo...')
#5 /opt/lampp/htdocs/wordpress/wp-load.php(37): require_once('/opt/lampp/htdo...')
#6 /opt/lampp/htdocs/wordpress/wp-admin/admin-ajax.php(22): require_once('/opt/lampp/htdo...')
#7 {main}
  thrown in /opt/lampp/htdocs/wordpress/wp-content/plugins/wholesale-market/admin/class-wholesale-market-admin.php on line 260

2021-01-21T14:17:47+00:00 CRITICAL Uncaught ArgumentCountError: Too few arguments to function Wholesale_Market_Admin::ced_variation_wholesale_fields(), 1 passed in /opt/lampp/htdocs/wordpress/wp-includes/class-wp-hook.php on line 287 and exactly 3 expected in /opt/lampp/htdocs/wordpress/wp-content/plugins/wholesale-market/admin/class-wholesale-market-admin.php:260
Stack trace:
#0 /opt/lampp/htdocs/wordpress/wp-includes/class-wp-hook.php(287): Wholesale_Market_Admin->ced_variation_wholesale_fields('')
#1 /opt/lampp/htdocs/wordpress/wp-includes/class-wp-hook.php(311): WP_Hook->apply_filters(NULL, Array)
#2 /opt/lampp/htdocs/wordpress/wp-includes/plugin.php(484): WP_Hook->do_action(Array)
#3 /opt/lampp/htdocs/wordpress/wp-settings.php(557): do_action('init')
#4 /opt/lampp/htdocs/wordpress/wp-config.php(91): require_once('/opt/lampp/htdo...')
#5 /opt/lampp/htdocs/wordpress/wp-load.php(37): require_once('/opt/lampp/htdo...')
#6 /opt/lampp/htdocs/wordpress/wp-admin/admin-ajax.php(22): require_once('/opt/lampp/htdo...')
#7 {main}
  thrown in /opt/lampp/htdocs/wordpress/wp-content/plugins/wholesale-market/admin/class-wholesale-market-admin.php on line 260

2021-01-21T14:19:46+00:00 CRITICAL Uncaught ArgumentCountError: Too few arguments to function Wholesale_Market_Admin::ced_variation_wholesale_fields(), 1 passed in /opt/lampp/htdocs/wordpress/wp-includes/class-wp-hook.php on line 287 and exactly 3 expected in /opt/lampp/htdocs/wordpress/wp-content/plugins/wholesale-market/admin/class-wholesale-market-admin.php:260
Stack trace:
#0 /opt/lampp/htdocs/wordpress/wp-includes/class-wp-hook.php(287): Wholesale_Market_Admin->ced_variation_wholesale_fields('')
#1 /opt/lampp/htdocs/wordpress/wp-includes/class-wp-hook.php(311): WP_Hook->apply_filters(NULL, Array)
#2 /opt/lampp/htdocs/wordpress/wp-includes/plugin.php(484): WP_Hook->do_action(Array)
#3 /opt/lampp/htdocs/wordpress/wp-settings.php(557): do_action('init')
#4 /opt/lampp/htdocs/wordpress/wp-config.php(91): require_once('/opt/lampp/htdo...')
#5 /opt/lampp/htdocs/wordpress/wp-load.php(37): require_once('/opt/lampp/htdo...')
#6 /opt/lampp/htdocs/wordpress/wp-cron.php(44): require_once('/opt/lampp/htdo...')
#7 {main}
  thrown in /opt/lampp/htdocs/wordpress/wp-content/plugins/wholesale-market/admin/class-wholesale-market-admin.php on line 260

2021-01-21T14:19:46+00:00 CRITICAL Uncaught ArgumentCountError: Too few arguments to function Wholesale_Market_Admin::ced_variation_wholesale_fields(), 1 passed in /opt/lampp/htdocs/wordpress/wp-includes/class-wp-hook.php on line 287 and exactly 3 expected in /opt/lampp/htdocs/wordpress/wp-content/plugins/wholesale-market/admin/class-wholesale-market-admin.php:260
Stack trace:
#0 /opt/lampp/htdocs/wordpress/wp-includes/class-wp-hook.php(287): Wholesale_Market_Admin->ced_variation_wholesale_fields('')
#1 /opt/lampp/htdocs/wordpress/wp-includes/class-wp-hook.php(311): WP_Hook->apply_filters(NULL, Array)
#2 /opt/lampp/htdocs/wordpress/wp-includes/plugin.php(484): WP_Hook->do_action(Array)
#3 /opt/lampp/htdocs/wordpress/wp-settings.php(557): do_action('init')
#4 /opt/lampp/htdocs/wordpress/wp-config.php(91): require_once('/opt/lampp/htdo...')
#5 /opt/lampp/htdocs/wordpress/wp-load.php(37): require_once('/opt/lampp/htdo...')
#6 /opt/lampp/htdocs/wordpress/wp-admin/admin-ajax.php(22): require_once('/opt/lampp/htdo...')
#7 {main}
  thrown in /opt/lampp/htdocs/wordpress/wp-content/plugins/wholesale-market/admin/class-wholesale-market-admin.php on line 260

2021-01-21T14:19:47+00:00 CRITICAL Uncaught ArgumentCountError: Too few arguments to function Wholesale_Market_Admin::ced_variation_wholesale_fields(), 1 passed in /opt/lampp/htdocs/wordpress/wp-includes/class-wp-hook.php on line 287 and exactly 3 expected in /opt/lampp/htdocs/wordpress/wp-content/plugins/wholesale-market/admin/class-wholesale-market-admin.php:260
Stack trace:
#0 /opt/lampp/htdocs/wordpress/wp-includes/class-wp-hook.php(287): Wholesale_Market_Admin->ced_variation_wholesale_fields('')
#1 /opt/lampp/htdocs/wordpress/wp-includes/class-wp-hook.php(311): WP_Hook->apply_filters(NULL, Array)
#2 /opt/lampp/htdocs/wordpress/wp-includes/plugin.php(484): WP_Hook->do_action(Array)
#3 /opt/lampp/htdocs/wordpress/wp-settings.php(557): do_action('init')
#4 /opt/lampp/htdocs/wordpress/wp-config.php(91): require_once('/opt/lampp/htdo...')
#5 /opt/lampp/htdocs/wordpress/wp-load.php(37): require_once('/opt/lampp/htdo...')
#6 /opt/lampp/htdocs/wordpress/wp-admin/admin-ajax.php(22): require_once('/opt/lampp/htdo...')
#7 {main}
  thrown in /opt/lampp/htdocs/wordpress/wp-content/plugins/wholesale-market/admin/class-wholesale-market-admin.php on line 260

2021-01-21T14:20:36+00:00 CRITICAL Uncaught ArgumentCountError: Too few arguments to function Wholesale_Market_Admin::ced_variation_wholesale_fields(), 1 passed in /opt/lampp/htdocs/wordpress/wp-includes/class-wp-hook.php on line 287 and exactly 3 expected in /opt/lampp/htdocs/wordpress/wp-content/plugins/wholesale-market/admin/class-wholesale-market-admin.php:260
Stack trace:
#0 /opt/lampp/htdocs/wordpress/wp-includes/class-wp-hook.php(287): Wholesale_Market_Admin->ced_variation_wholesale_fields('')
#1 /opt/lampp/htdocs/wordpress/wp-includes/class-wp-hook.php(311): WP_Hook->apply_filters(NULL, Array)
#2 /opt/lampp/htdocs/wordpress/wp-includes/plugin.php(484): WP_Hook->do_action(Array)
#3 /opt/lampp/htdocs/wordpress/wp-settings.php(557): do_action('init')
#4 /opt/lampp/htdocs/wordpress/wp-config.php(91): require_once('/opt/lampp/htdo...')
#5 /opt/lampp/htdocs/wordpress/wp-load.php(37): require_once('/opt/lampp/htdo...')
#6 /opt/lampp/htdocs/wordpress/wp-admin/admin.php(34): require_once('/opt/lampp/htdo...')
#7 /opt/lampp/htdocs/wordpress/wp-a in /opt/lampp/htdocs/wordpress/wp-content/plugins/wholesale-market/admin/class-wholesale-market-admin.php on line 260

2021-01-21T14:20:39+00:00 CRITICAL Uncaught ArgumentCountError: Too few arguments to function Wholesale_Market_Admin::ced_variation_wholesale_fields(), 1 passed in /opt/lampp/htdocs/wordpress/wp-includes/class-wp-hook.php on line 287 and exactly 3 expected in /opt/lampp/htdocs/wordpress/wp-content/plugins/wholesale-market/admin/class-wholesale-market-admin.php:260
Stack trace:
#0 /opt/lampp/htdocs/wordpress/wp-includes/class-wp-hook.php(287): Wholesale_Market_Admin->ced_variation_wholesale_fields('')
#1 /opt/lampp/htdocs/wordpress/wp-includes/class-wp-hook.php(311): WP_Hook->apply_filters(NULL, Array)
#2 /opt/lampp/htdocs/wordpress/wp-includes/plugin.php(484): WP_Hook->do_action(Array)
#3 /opt/lampp/htdocs/wordpress/wp-settings.php(557): do_action('init')
#4 /opt/lampp/htdocs/wordpress/wp-config.php(91): require_once('/opt/lampp/htdo...')
#5 /opt/lampp/htdocs/wordpress/wp-load.php(37): require_once('/opt/lampp/htdo...')
#6 /opt/lampp/htdocs/wordpress/wp-admin/admin.php(34): require_once('/opt/lampp/htdo...')
#7 /opt/lampp/htdocs/wordpress/wp-a in /opt/lampp/htdocs/wordpress/wp-content/plugins/wholesale-market/admin/class-wholesale-market-admin.php on line 260

2021-01-21T14:20:40+00:00 CRITICAL Uncaught ArgumentCountError: Too few arguments to function Wholesale_Market_Admin::ced_variation_wholesale_fields(), 1 passed in /opt/lampp/htdocs/wordpress/wp-includes/class-wp-hook.php on line 287 and exactly 3 expected in /opt/lampp/htdocs/wordpress/wp-content/plugins/wholesale-market/admin/class-wholesale-market-admin.php:260
Stack trace:
#0 /opt/lampp/htdocs/wordpress/wp-includes/class-wp-hook.php(287): Wholesale_Market_Admin->ced_variation_wholesale_fields('')
#1 /opt/lampp/htdocs/wordpress/wp-includes/class-wp-hook.php(311): WP_Hook->apply_filters(NULL, Array)
#2 /opt/lampp/htdocs/wordpress/wp-includes/plugin.php(484): WP_Hook->do_action(Array)
#3 /opt/lampp/htdocs/wordpress/wp-settings.php(557): do_action('init')
#4 /opt/lampp/htdocs/wordpress/wp-config.php(91): require_once('/opt/lampp/htdo...')
#5 /opt/lampp/htdocs/wordpress/wp-load.php(37): require_once('/opt/lampp/htdo...')
#6 /opt/lampp/htdocs/wordpress/wp-admin/admin.php(34): require_once('/opt/lampp/htdo...')
#7 /opt/lampp/htdocs/wordpress/wp-a in /opt/lampp/htdocs/wordpress/wp-content/plugins/wholesale-market/admin/class-wholesale-market-admin.php on line 260

2021-01-21T14:21:12+00:00 CRITICAL Uncaught ArgumentCountError: Too few arguments to function Wholesale_Market_Admin::ced_variation_wholesale_fields(), 1 passed in /opt/lampp/htdocs/wordpress/wp-includes/class-wp-hook.php on line 287 and exactly 3 expected in /opt/lampp/htdocs/wordpress/wp-content/plugins/wholesale-market/admin/class-wholesale-market-admin.php:260
Stack trace:
#0 /opt/lampp/htdocs/wordpress/wp-includes/class-wp-hook.php(287): Wholesale_Market_Admin->ced_variation_wholesale_fields('')
#1 /opt/lampp/htdocs/wordpress/wp-includes/class-wp-hook.php(311): WP_Hook->apply_filters(NULL, Array)
#2 /opt/lampp/htdocs/wordpress/wp-includes/plugin.php(484): WP_Hook->do_action(Array)
#3 /opt/lampp/htdocs/wordpress/wp-settings.php(557): do_action('init')
#4 /opt/lampp/htdocs/wordpress/wp-config.php(91): require_once('/opt/lampp/htdo...')
#5 /opt/lampp/htdocs/wordpress/wp-load.php(37): require_once('/opt/lampp/htdo...')
#6 /opt/lampp/htdocs/wordpress/wp-cron.php(44): require_once('/opt/lampp/htdo...')
#7 {main}
  thrown in /opt/lampp/htdocs/wordpress/wp-content/plugins/wholesale-market/admin/class-wholesale-market-admin.php on line 260

2021-01-21T14:21:12+00:00 CRITICAL Uncaught ArgumentCountError: Too few arguments to function Wholesale_Market_Admin::ced_variation_wholesale_fields(), 1 passed in /opt/lampp/htdocs/wordpress/wp-includes/class-wp-hook.php on line 287 and exactly 3 expected in /opt/lampp/htdocs/wordpress/wp-content/plugins/wholesale-market/admin/class-wholesale-market-admin.php:260
Stack trace:
#0 /opt/lampp/htdocs/wordpress/wp-includes/class-wp-hook.php(287): Wholesale_Market_Admin->ced_variation_wholesale_fields('')
#1 /opt/lampp/htdocs/wordpress/wp-includes/class-wp-hook.php(311): WP_Hook->apply_filters(NULL, Array)
#2 /opt/lampp/htdocs/wordpress/wp-includes/plugin.php(484): WP_Hook->do_action(Array)
#3 /opt/lampp/htdocs/wordpress/wp-settings.php(557): do_action('init')
#4 /opt/lampp/htdocs/wordpress/wp-config.php(91): require_once('/opt/lampp/htdo...')
#5 /opt/lampp/htdocs/wordpress/wp-load.php(37): require_once('/opt/lampp/htdo...')
#6 /opt/lampp/htdocs/wordpress/wp-admin/admin.php(34): require_once('/opt/lampp/htdo...')
#7 /opt/lampp/htdocs/wordpress/wp-a in /opt/lampp/htdocs/wordpress/wp-content/plugins/wholesale-market/admin/class-wholesale-market-admin.php on line 260

2021-01-21T14:21:13+00:00 CRITICAL Uncaught ArgumentCountError: Too few arguments to function Wholesale_Market_Admin::ced_variation_wholesale_fields(), 1 passed in /opt/lampp/htdocs/wordpress/wp-includes/class-wp-hook.php on line 287 and exactly 3 expected in /opt/lampp/htdocs/wordpress/wp-content/plugins/wholesale-market/admin/class-wholesale-market-admin.php:260
Stack trace:
#0 /opt/lampp/htdocs/wordpress/wp-includes/class-wp-hook.php(287): Wholesale_Market_Admin->ced_variation_wholesale_fields('')
#1 /opt/lampp/htdocs/wordpress/wp-includes/class-wp-hook.php(311): WP_Hook->apply_filters(NULL, Array)
#2 /opt/lampp/htdocs/wordpress/wp-includes/plugin.php(484): WP_Hook->do_action(Array)
#3 /opt/lampp/htdocs/wordpress/wp-settings.php(557): do_action('init')
#4 /opt/lampp/htdocs/wordpress/wp-config.php(91): require_once('/opt/lampp/htdo...')
#5 /opt/lampp/htdocs/wordpress/wp-load.php(37): require_once('/opt/lampp/htdo...')
#6 /opt/lampp/htdocs/wordpress/wp-admin/admin.php(34): require_once('/opt/lampp/htdo...')
#7 /opt/lampp/htdocs/wordpress/wp-a in /opt/lampp/htdocs/wordpress/wp-content/plugins/wholesale-market/admin/class-wholesale-market-admin.php on line 260

2021-01-21T14:21:48+00:00 CRITICAL Uncaught ArgumentCountError: Too few arguments to function Wholesale_Market_Admin::ced_variation_wholesale_fields(), 1 passed in /opt/lampp/htdocs/wordpress/wp-includes/class-wp-hook.php on line 287 and exactly 3 expected in /opt/lampp/htdocs/wordpress/wp-content/plugins/wholesale-market/admin/class-wholesale-market-admin.php:260
Stack trace:
#0 /opt/lampp/htdocs/wordpress/wp-includes/class-wp-hook.php(287): Wholesale_Market_Admin->ced_variation_wholesale_fields('')
#1 /opt/lampp/htdocs/wordpress/wp-includes/class-wp-hook.php(311): WP_Hook->apply_filters(NULL, Array)
#2 /opt/lampp/htdocs/wordpress/wp-includes/plugin.php(484): WP_Hook->do_action(Array)
#3 /opt/lampp/htdocs/wordpress/wp-settings.php(557): do_action('init')
#4 /opt/lampp/htdocs/wordpress/wp-config.php(91): require_once('/opt/lampp/htdo...')
#5 /opt/lampp/htdocs/wordpress/wp-load.php(37): require_once('/opt/lampp/htdo...')
#6 /opt/lampp/htdocs/wordpress/wp-admin/admin-ajax.php(22): require_once('/opt/lampp/htdo...')
#7 {main}
  thrown in /opt/lampp/htdocs/wordpress/wp-content/plugins/wholesale-market/admin/class-wholesale-market-admin.php on line 260

2021-01-21T14:21:55+00:00 CRITICAL Uncaught ArgumentCountError: Too few arguments to function Wholesale_Market_Admin::ced_variation_wholesale_fields(), 1 passed in /opt/lampp/htdocs/wordpress/wp-includes/class-wp-hook.php on line 287 and exactly 3 expected in /opt/lampp/htdocs/wordpress/wp-content/plugins/wholesale-market/admin/class-wholesale-market-admin.php:260
Stack trace:
#0 /opt/lampp/htdocs/wordpress/wp-includes/class-wp-hook.php(287): Wholesale_Market_Admin->ced_variation_wholesale_fields('')
#1 /opt/lampp/htdocs/wordpress/wp-includes/class-wp-hook.php(311): WP_Hook->apply_filters(NULL, Array)
#2 /opt/lampp/htdocs/wordpress/wp-includes/plugin.php(484): WP_Hook->do_action(Array)
#3 /opt/lampp/htdocs/wordpress/wp-settings.php(557): do_action('init')
#4 /opt/lampp/htdocs/wordpress/wp-config.php(91): require_once('/opt/lampp/htdo...')
#5 /opt/lampp/htdocs/wordpress/wp-load.php(37): require_once('/opt/lampp/htdo...')
#6 /opt/lampp/htdocs/wordpress/wp-admin/admin.php(34): require_once('/opt/lampp/htdo...')
#7 /opt/lampp/htdocs/wordpress/wp-a in /opt/lampp/htdocs/wordpress/wp-content/plugins/wholesale-market/admin/class-wholesale-market-admin.php on line 260

